# JRE version: OpenJDK Runtime Environment Zulu17.52+17-CA (17.0.12+7) (build 17.0.12+7-LTS)
# Java VM: OpenJDK 64-Bit Server VM Zulu17.52+17-CA (17.0.12+7-LTS, mixed mode, sharing, tiered, compressed oops, compressed class ptrs, g1 gc, bsd-amd64)
GC Precious Log:
 CPUs: 8 total, 8 available
 Memory: 16384M
 Large Page Support: Disabled
 NUMA Support: Disabled
 Compressed Oops: Enabled (Zero based)
 Heap Region Size: 2M
 Heap Min Capacity: 8M
 Heap Initial Capacity: 256M
 Heap Max Capacity: 4G
 Pre-touch: Disabled
 Parallel Workers: 8
 Concurrent Workers: 2
 Concurrent Refinement Workers: 8
 Periodic GC: Disabled
Heap:
 garbage-first heap   total 81920K, used 57256K [0x0000000700000000, 0x0000000800000000)
  region size 2048K, 7 young (14336K), 1 survivors (2048K)
 Metaspace       used 44429K, committed 44672K, reserved 1114112K
  class space    used 5281K, committed 5376K, reserved 1048576K
GC Heap History (20 events):
Event: 13.583 GC heap after
{Heap after GC invocations=2 (full 0):
 garbage-first heap   total 266240K, used 14217K [0x0000000700000000, 0x0000000800000000)
  region size 2048K, 3 young (6144K), 3 survivors (6144K)
 Metaspace       used 16334K, committed 16576K, reserved 1114112K
  class space    used 2151K, committed 2240K, reserved 1048576K
}
Event: 16.202 GC heap before
{Heap before GC invocations=2 (full 0):
 garbage-first heap   total 266240K, used 38793K [0x0000000700000000, 0x0000000800000000)
  region size 2048K, 16 young (32768K), 3 survivors (6144K)
 Metaspace       used 21321K, committed 21504K, reserved 1114112K
  class space    used 2907K, committed 3008K, reserved 1048576K
}
Event: 16.208 GC heap after
{Heap after GC invocations=3 (full 0):
 garbage-first heap   total 266240K, used 18020K [0x0000000700000000, 0x0000000800000000)
  region size 2048K, 5 young (10240K), 5 survivors (10240K)
 Metaspace       used 21321K, committed 21504K, reserved 1114112K
  class space    used 2907K, committed 3008K, reserved 1048576K
}
Event: 19.181 GC heap before
{Heap before GC invocations=4 (full 0):
 garbage-first heap   total 75776K, used 54884K [0x0000000700000000, 0x0000000800000000)
  region size 2048K, 24 young (49152K), 5 survivors (10240K)
 Metaspace       used 28456K, committed 28672K, reserved 1114112K
  class space    used 3616K, committed 3712K, reserved 1048576K
}
Event: 19.197 GC heap after
{Heap after GC invocations=5 (full 0):
 garbage-first heap   total 75776K, used 19748K [0x0000000700000000, 0x0000000800000000)
  region size 2048K, 6 young (12288K), 6 survivors (12288K)
 Metaspace       used 28456K, committed 28672K, reserved 1114112K
  class space    used 3616K, committed 3712K, reserved 1048576K
}
Event: 22.382 GC heap before
{Heap before GC invocations=5 (full 0):
 garbage-first heap   total 75776K, used 52516K [0x0000000700000000, 0x0000000800000000)
  region size 2048K, 21 young (43008K), 6 survivors (12288K)
 Metaspace       used 35065K, committed 35328K, reserved 1114112K
  class space    used 4373K, committed 4480K, reserved 1048576K
}
Event: 22.399 GC heap after
{Heap after GC invocations=6 (full 0):
 garbage-first heap   total 75776K, used 26535K [0x0000000700000000, 0x0000000800000000)
  region size 2048K, 3 young (6144K), 3 survivors (6144K)
 Metaspace       used 35065K, committed 35328K, reserved 1114112K
  class space    used 4373K, committed 4480K, reserved 1048576K
}
Event: 23.372 GC heap before
{Heap before GC invocations=6 (full 0):
 garbage-first heap   total 75776K, used 51111K [0x0000000700000000, 0x0000000800000000)
  region size 2048K, 16 young (32768K), 3 survivors (6144K)
 Metaspace       used 35774K, committed 35968K, reserved 1114112K
  class space    used 4423K, committed 4544K, reserved 1048576K
}
Event: 23.385 GC heap after
{Heap after GC invocations=7 (full 0):
 garbage-first heap   total 75776K, used 27732K [0x0000000700000000, 0x0000000800000000)
  region size 2048K, 1 young (2048K), 1 survivors (2048K)
 Metaspace       used 35774K, committed 35968K, reserved 1114112K
  class space    used 4423K, committed 4544K, reserved 1048576K
}
Event: 27.543 GC heap before
{Heap before GC invocations=8 (full 0):
 garbage-first heap   total 75776K, used 54356K [0x0000000700000000, 0x0000000800000000)
  region size 2048K, 14 young (28672K), 1 survivors (2048K)
 Metaspace       used 39472K, committed 39744K, reserved 1114112K
  class space    used 4806K, committed 4928K, reserved 1048576K
}
Event: 27.559 GC heap after
{Heap after GC invocations=9 (full 0):
 garbage-first heap   total 75776K, used 32680K [0x0000000700000000, 0x0000000800000000)
  region size 2048K, 2 young (4096K), 2 survivors (4096K)
 Metaspace       used 39472K, committed 39744K, reserved 1114112K
  class space    used 4806K, committed 4928K, reserved 1048576K
}
Event: 31.044 GC heap before
{Heap before GC invocations=9 (full 0):
 garbage-first heap   total 75776K, used 55208K [0x0000000700000000, 0x0000000800000000)
  region size 2048K, 13 young (26624K), 2 survivors (4096K)
 Metaspace       used 42545K, committed 42752K, reserved 1114112K
  class space    used 5144K, committed 5248K, reserved 1048576K
}
Event: 31.066 GC heap after
{Heap after GC invocations=10 (full 0):
 garbage-first heap   total 75776K, used 36453K [0x0000000700000000, 0x0000000800000000)
  region size 2048K, 2 young (4096K), 2 survivors (4096K)
 Metaspace       used 42545K, committed 42752K, reserved 1114112K
  class space    used 5144K, committed 5248K, reserved 1048576K
}
Event: 33.808 GC heap before
{Heap before GC invocations=10 (full 0):
 garbage-first heap   total 75776K, used 54885K [0x0000000700000000, 0x0000000800000000)
  region size 2048K, 11 young (22528K), 2 survivors (4096K)
 Metaspace       used 43576K, committed 43904K, reserved 1114112K
  class space    used 5229K, committed 5376K, reserved 1048576K
}
Event: 33.827 GC heap after
{Heap after GC invocations=11 (full 0):
 garbage-first heap   total 75776K, used 40014K [0x0000000700000000, 0x0000000800000000)
  region size 2048K, 2 young (4096K), 2 survivors (4096K)
 Metaspace       used 43576K, committed 43904K, reserved 1114112K
  class space    used 5229K, committed 5376K, reserved 1048576K
}
Event: 35.520 GC heap before
{Heap before GC invocations=12 (full 0):
 garbage-first heap   total 75776K, used 56398K [0x0000000700000000, 0x0000000800000000)
  region size 2048K, 10 young (20480K), 2 survivors (4096K)
 Metaspace       used 43943K, committed 44224K, reserved 1114112K
  class space    used 5232K, committed 5376K, reserved 1048576K
}
Event: 35.554 GC heap after
{Heap after GC invocations=13 (full 0):
 garbage-first heap   total 75776K, used 42850K [0x0000000700000000, 0x0000000800000000)
  region size 2048K, 2 young (4096K), 2 survivors (4096K)
 Metaspace       used 43943K, committed 44224K, reserved 1114112K
  class space    used 5232K, committed 5376K, reserved 1048576K
}
Event: 37.117 GC heap before
{Heap before GC invocations=13 (full 0):
 garbage-first heap   total 75776K, used 55138K [0x0000000700000000, 0x0000000800000000)
  region size 2048K, 8 young (16384K), 2 survivors (4096K)
 Metaspace       used 44055K, committed 44352K, reserved 1114112K
  class space    used 5236K, committed 5376K, reserved 1048576K
}
Event: 37.130 GC heap after
{Heap after GC invocations=14 (full 0):
 garbage-first heap   total 75776K, used 44968K [0x0000000700000000, 0x0000000800000000)
  region size 2048K, 1 young (2048K), 1 survivors (2048K)
 Metaspace       used 44055K, committed 44352K, reserved 1114112K
  class space    used 5236K, committed 5376K, reserved 1048576K
}
Event: 38.123 GC heap before
{Heap before GC invocations=15 (full 0):
 garbage-first heap   total 81920K, used 57256K [0x0000000700000000, 0x0000000800000000)
  region size 2048K, 7 young (14336K), 1 survivors (2048K)
 Metaspace       used 44429K, committed 44672K, reserved 1114112K
  class space    used 5281K, committed 5376K, reserved 1048576K
}

